# JRE version: OpenJDK Runtime Environment AdoptOpenJDK (14.0.1+7) (build 14.0.1+7)
# Java VM: OpenJDK 64-Bit Server VM AdoptOpenJDK (14.0.1+7, mixed mode, sharing, tiered, compressed oops, g1 gc, windows-amd64)
Heap:
 garbage-first heap   total 63488K, used 19755K [0x00000000c3000000, 0x0000000100000000)
  region size 1024K, 16 young (16384K), 4 survivors (4096K)
 Metaspace       used 19196K, capacity 19753K, committed 19968K, reserved 1067008K
  class space    used 2221K, capacity 2449K, committed 2560K, reserved 1048576K
GC Heap History (8 events):
Event: 1.678 GC heap before
{Heap before GC invocations=0 (full 0):
 garbage-first heap   total 63488K, used 13312K [0x00000000c3000000, 0x0000000100000000)
  region size 1024K, 13 young (13312K), 0 survivors (0K)
 Metaspace       used 5290K, capacity 6233K, committed 6400K, reserved 1056768K
  class space    used 578K, capacity 656K, committed 768K, reserved 1048576K
}
Event: 1.689 GC heap after
{Heap after GC invocations=1 (full 0):
 garbage-first heap   total 63488K, used 4369K [0x00000000c3000000, 0x0000000100000000)
  region size 1024K, 2 young (2048K), 2 survivors (2048K)
 Metaspace       used 5290K, capacity 6233K, committed 6400K, reserved 1056768K
  class space    used 578K, capacity 656K, committed 768K, reserved 1048576K
}
Event: 2.226 GC heap before
{Heap before GC invocations=1 (full 0):
 garbage-first heap   total 63488K, used 16657K [0x00000000c3000000, 0x0000000100000000)
  region size 1024K, 14 young (14336K), 2 survivors (2048K)
 Metaspace       used 7787K, capacity 8348K, committed 8576K, reserved 1056768K
  class space    used 778K, capacity 857K, committed 896K, reserved 1048576K
}
Event: 2.234 GC heap after
{Heap after GC invocations=2 (full 0):
 garbage-first heap   total 63488K, used 5671K [0x00000000c3000000, 0x0000000100000000)
  region size 1024K, 1 young (1024K), 1 survivors (1024K)
 Metaspace       used 7787K, capacity 8348K, committed 8576K, reserved 1056768K
  class space    used 778K, capacity 857K, committed 896K, reserved 1048576K
}
Event: 3.156 GC heap before
{Heap before GC invocations=2 (full 0):
 garbage-first heap   total 63488K, used 27175K [0x00000000c3000000, 0x0000000100000000)
  region size 1024K, 22 young (22528K), 1 survivors (1024K)
 Metaspace       used 12156K, capacity 12455K, committed 12672K, reserved 1060864K
  class space    used 1286K, capacity 1388K, committed 1408K, reserved 1048576K
}
Event: 3.169 GC heap after
{Heap after GC invocations=3 (full 0):
 garbage-first heap   total 63488K, used 7256K [0x00000000c3000000, 0x0000000100000000)
  region size 1024K, 3 young (3072K), 3 survivors (3072K)
 Metaspace       used 12156K, capacity 12455K, committed 12672K, reserved 1060864K
  class space    used 1286K, capacity 1388K, committed 1408K, reserved 1048576K
}
Event: 4.601 GC heap before
{Heap before GC invocations=3 (full 0):
 garbage-first heap   total 63488K, used 41048K [0x00000000c3000000, 0x0000000100000000)
  region size 1024K, 36 young (36864K), 3 survivors (3072K)
 Metaspace       used 17822K, capacity 18382K, committed 18432K, reserved 1064960K
  class space    used 2049K, capacity 2268K, committed 2304K, reserved 1048576K
}
Event: 4.608 GC heap after
{Heap after GC invocations=4 (full 0):
 garbage-first heap   total 63488K, used 8491K [0x00000000c3000000, 0x0000000100000000)
  region size 1024K, 4 young (4096K), 4 survivors (4096K)
 Metaspace       used 17822K, capacity 18382K, committed 18432K, reserved 1064960K
  class space    used 2049K, capacity 2268K, committed 2304K, reserved 1048576K
}

