# JRE version: OpenJDK Runtime Environment AdoptOpenJDK (14.0.1+7) (build 14.0.1+7)
# Java VM: OpenJDK 64-Bit Server VM AdoptOpenJDK (14.0.1+7, mixed mode, sharing, tiered, compressed oops, g1 gc, windows-amd64)
Heap:
 garbage-first heap   total 63488K, used 24264K [0x00000000c3000000, 0x0000000100000000)
  region size 1024K, 21 young (21504K), 4 survivors (4096K)
 Metaspace       used 19694K, capacity 20265K, committed 20480K, reserved 1067008K
  class space    used 2302K, capacity 2513K, committed 2560K, reserved 1048576K
GC Heap History (8 events):
Event: 1.411 GC heap before
{Heap before GC invocations=0 (full 0):
 garbage-first heap   total 63488K, used 12288K [0x00000000c3000000, 0x0000000100000000)
  region size 1024K, 13 young (13312K), 0 survivors (0K)
 Metaspace       used 5418K, capacity 6180K, committed 6400K, reserved 1056768K
  class space    used 589K, capacity 661K, committed 768K, reserved 1048576K
}
Event: 1.422 GC heap after
{Heap after GC invocations=1 (full 0):
 garbage-first heap   total 63488K, used 4365K [0x00000000c3000000, 0x0000000100000000)
  region size 1024K, 2 young (2048K), 2 survivors (2048K)
 Metaspace       used 5418K, capacity 6180K, committed 6400K, reserved 1056768K
  class space    used 589K, capacity 661K, committed 768K, reserved 1048576K
}
Event: 1.829 GC heap before
{Heap before GC invocations=1 (full 0):
 garbage-first heap   total 63488K, used 16653K [0x00000000c3000000, 0x0000000100000000)
  region size 1024K, 14 young (14336K), 2 survivors (2048K)
 Metaspace       used 7925K, capacity 8445K, committed 8576K, reserved 1056768K
  class space    used 792K, capacity 889K, committed 896K, reserved 1048576K
}
Event: 1.835 GC heap after
{Heap after GC invocations=2 (full 0):
 garbage-first heap   total 63488K, used 4691K [0x00000000c3000000, 0x0000000100000000)
  region size 1024K, 1 young (1024K), 1 survivors (1024K)
 Metaspace       used 7925K, capacity 8445K, committed 8576K, reserved 1056768K
  class space    used 792K, capacity 889K, committed 896K, reserved 1048576K
}
Event: 2.715 GC heap before
{Heap before GC invocations=2 (full 0):
 garbage-first heap   total 63488K, used 27219K [0x00000000c3000000, 0x0000000100000000)
  region size 1024K, 23 young (23552K), 1 survivors (1024K)
 Metaspace       used 12716K, capacity 13130K, committed 13312K, reserved 1060864K
  class space    used 1341K, capacity 1484K, committed 1536K, reserved 1048576K
}
Event: 2.726 GC heap after
{Heap after GC invocations=3 (full 0):
 garbage-first heap   total 63488K, used 6542K [0x00000000c3000000, 0x0000000100000000)
  region size 1024K, 3 young (3072K), 3 survivors (3072K)
 Metaspace       used 12716K, capacity 13130K, committed 13312K, reserved 1060864K
  class space    used 1341K, capacity 1484K, committed 1536K, reserved 1048576K
}
Event: 4.190 GC heap before
{Heap before GC invocations=3 (full 0):
 garbage-first heap   total 63488K, used 39310K [0x00000000c3000000, 0x0000000100000000)
  region size 1024K, 35 young (35840K), 3 survivors (3072K)
 Metaspace       used 17793K, capacity 18318K, committed 18432K, reserved 1064960K
  class space    used 2042K, capacity 2268K, committed 2304K, reserved 1048576K
}
Event: 4.198 GC heap after
{Heap after GC invocations=4 (full 0):
 garbage-first heap   total 63488K, used 7880K [0x00000000c3000000, 0x0000000100000000)
  region size 1024K, 4 young (4096K), 4 survivors (4096K)
 Metaspace       used 17793K, capacity 18318K, committed 18432K, reserved 1064960K
  class space    used 2042K, capacity 2268K, committed 2304K, reserved 1048576K
}

