# JRE version: OpenJDK Runtime Environment AdoptOpenJDK (14.0.1+7) (build 14.0.1+7)
# Java VM: OpenJDK 64-Bit Server VM AdoptOpenJDK (14.0.1+7, mixed mode, sharing, tiered, compressed oops, g1 gc, windows-amd64)
Heap:
 garbage-first heap   total 63488K, used 17456K [0x00000000c3000000, 0x0000000100000000)
  region size 1024K, 14 young (14336K), 4 survivors (4096K)
 Metaspace       used 18710K, capacity 19281K, committed 19584K, reserved 1067008K
  class space    used 2158K, capacity 2376K, committed 2432K, reserved 1048576K
GC Heap History (8 events):
Event: 1.488 GC heap before
{Heap before GC invocations=0 (full 0):
 garbage-first heap   total 63488K, used 12288K [0x00000000c3000000, 0x0000000100000000)
  region size 1024K, 13 young (13312K), 0 survivors (0K)
 Metaspace       used 5199K, capacity 6023K, committed 6144K, reserved 1056768K
  class space    used 567K, capacity 651K, committed 768K, reserved 1048576K
}
Event: 1.500 GC heap after
{Heap after GC invocations=1 (full 0):
 garbage-first heap   total 63488K, used 5020K [0x00000000c3000000, 0x0000000100000000)
  region size 1024K, 2 young (2048K), 2 survivors (2048K)
 Metaspace       used 5199K, capacity 6023K, committed 6144K, reserved 1056768K
  class space    used 567K, capacity 651K, committed 768K, reserved 1048576K
}
Event: 2.071 GC heap before
{Heap before GC invocations=1 (full 0):
 garbage-first heap   total 63488K, used 17308K [0x00000000c3000000, 0x0000000100000000)
  region size 1024K, 14 young (14336K), 2 survivors (2048K)
 Metaspace       used 7790K, capacity 8348K, committed 8576K, reserved 1056768K
  class space    used 778K, capacity 857K, committed 896K, reserved 1048576K
}
Event: 2.077 GC heap after
{Heap after GC invocations=2 (full 0):
 garbage-first heap   total 63488K, used 5210K [0x00000000c3000000, 0x0000000100000000)
  region size 1024K, 1 young (1024K), 1 survivors (1024K)
 Metaspace       used 7790K, capacity 8348K, committed 8576K, reserved 1056768K
  class space    used 778K, capacity 857K, committed 896K, reserved 1048576K
}
Event: 3.069 GC heap before
{Heap before GC invocations=2 (full 0):
 garbage-first heap   total 63488K, used 26714K [0x00000000c3000000, 0x0000000100000000)
  region size 1024K, 22 young (22528K), 1 survivors (1024K)
 Metaspace       used 12175K, capacity 12519K, committed 12672K, reserved 1060864K
  class space    used 1283K, capacity 1388K, committed 1408K, reserved 1048576K
}
Event: 3.076 GC heap after
{Heap after GC invocations=3 (full 0):
 garbage-first heap   total 63488K, used 6996K [0x00000000c3000000, 0x0000000100000000)
  region size 1024K, 3 young (3072K), 3 survivors (3072K)
 Metaspace       used 12175K, capacity 12519K, committed 12672K, reserved 1060864K
  class space    used 1283K, capacity 1388K, committed 1408K, reserved 1048576K
}
Event: 4.450 GC heap before
{Heap before GC invocations=3 (full 0):
 garbage-first heap   total 63488K, used 38740K [0x00000000c3000000, 0x0000000100000000)
  region size 1024K, 34 young (34816K), 3 survivors (3072K)
 Metaspace       used 17697K, capacity 18222K, committed 18432K, reserved 1064960K
  class space    used 2022K, capacity 2236K, committed 2304K, reserved 1048576K
}
Event: 4.456 GC heap after
{Heap after GC invocations=4 (full 0):
 garbage-first heap   total 63488K, used 8240K [0x00000000c3000000, 0x0000000100000000)
  region size 1024K, 4 young (4096K), 4 survivors (4096K)
 Metaspace       used 17697K, capacity 18222K, committed 18432K, reserved 1064960K
  class space    used 2022K, capacity 2236K, committed 2304K, reserved 1048576K
}

