# JRE version: OpenJDK Runtime Environment AdoptOpenJDK (14.0.1+7) (build 14.0.1+7)
# Java VM: OpenJDK 64-Bit Server VM AdoptOpenJDK (14.0.1+7, mixed mode, sharing, tiered, compressed oops, g1 gc, windows-amd64)
Heap:
 garbage-first heap   total 63488K, used 31263K [0x00000000c3000000, 0x0000000100000000)
  region size 1024K, 9 young (9216K), 3 survivors (3072K)
 Metaspace       used 21267K, capacity 21904K, committed 22140K, reserved 1069056K
  class space    used 2534K, capacity 2762K, committed 2764K, reserved 1048576K
GC Heap History (10 events):
Event: 1.743 GC heap before
{Heap before GC invocations=0 (full 0):
 garbage-first heap   total 63488K, used 12288K [0x00000000c3000000, 0x0000000100000000)
  region size 1024K, 13 young (13312K), 0 survivors (0K)
 Metaspace       used 5360K, capacity 6165K, committed 6400K, reserved 1056768K
  class space    used 583K, capacity 656K, committed 768K, reserved 1048576K
}
Event: 1.754 GC heap after
{Heap after GC invocations=1 (full 0):
 garbage-first heap   total 63488K, used 4161K [0x00000000c3000000, 0x0000000100000000)
  region size 1024K, 2 young (2048K), 2 survivors (2048K)
 Metaspace       used 5360K, capacity 6165K, committed 6400K, reserved 1056768K
  class space    used 583K, capacity 656K, committed 768K, reserved 1048576K
}
Event: 2.556 GC heap before
{Heap before GC invocations=1 (full 0):
 garbage-first heap   total 63488K, used 16449K [0x00000000c3000000, 0x0000000100000000)
  region size 1024K, 14 young (14336K), 2 survivors (2048K)
 Metaspace       used 7926K, capacity 8381K, committed 8576K, reserved 1056768K
  class space    used 794K, capacity 889K, committed 896K, reserved 1048576K
}
Event: 2.563 GC heap after
{Heap after GC invocations=2 (full 0):
 garbage-first heap   total 63488K, used 4606K [0x00000000c3000000, 0x0000000100000000)
  region size 1024K, 1 young (1024K), 1 survivors (1024K)
 Metaspace       used 7926K, capacity 8381K, committed 8576K, reserved 1056768K
  class space    used 794K, capacity 889K, committed 896K, reserved 1048576K
}
Event: 3.740 GC heap before
{Heap before GC invocations=2 (full 0):
 garbage-first heap   total 63488K, used 27134K [0x00000000c3000000, 0x0000000100000000)
  region size 1024K, 23 young (23552K), 1 survivors (1024K)
 Metaspace       used 13133K, capacity 13482K, committed 13568K, reserved 1060864K
  class space    used 1393K, capacity 1516K, committed 1536K, reserved 1048576K
}
Event: 3.746 GC heap after
{Heap after GC invocations=3 (full 0):
 garbage-first heap   total 63488K, used 6636K [0x00000000c3000000, 0x0000000100000000)
  region size 1024K, 3 young (3072K), 3 survivors (3072K)
 Metaspace       used 13133K, capacity 13482K, committed 13568K, reserved 1060864K
  class space    used 1393K, capacity 1516K, committed 1536K, reserved 1048576K
}
Event: 4.943 GC heap before
{Heap before GC invocations=3 (full 0):
 garbage-first heap   total 63488K, used 39404K [0x00000000c3000000, 0x0000000100000000)
  region size 1024K, 35 young (35840K), 3 survivors (3072K)
 Metaspace       used 17929K, capacity 18446K, committed 18688K, reserved 1064960K
  class space    used 2063K, capacity 2268K, committed 2304K, reserved 1048576K
}
Event: 4.949 GC heap after
{Heap after GC invocations=4 (full 0):
 garbage-first heap   total 63488K, used 7849K [0x00000000c3000000, 0x0000000100000000)
  region size 1024K, 4 young (4096K), 4 survivors (4096K)
 Metaspace       used 17929K, capacity 18446K, committed 18688K, reserved 1064960K
  class space    used 2063K, capacity 2268K, committed 2304K, reserved 1048576K
}
Event: 9.721 GC heap before
{Heap before GC invocations=4 (full 0):
 garbage-first heap   total 63488K, used 47785K [0x00000000c3000000, 0x0000000100000000)
  region size 1024K, 27 young (27648K), 4 survivors (4096K)
 Metaspace       used 20721K, capacity 21258K, committed 21296K, reserved 1069056K
  class space    used 2454K, capacity 2675K, committed 2688K, reserved 1048576K
}
Event: 9.729 GC heap after
{Heap after GC invocations=5 (full 0):
 garbage-first heap   total 63488K, used 26143K [0x00000000c3000000, 0x0000000100000000)
  region size 1024K, 3 young (3072K), 3 survivors (3072K)
 Metaspace       used 20721K, capacity 21258K, committed 21296K, reserved 1069056K
  class space    used 2454K, capacity 2675K, committed 2688K, reserved 1048576K
}

